<?xml version="1.0" encoding="UTF-8"?>
<!-- Generated by org.testng.reporters.JUnitReportReporter -->
<testsuite hostname="Hacker" name="Selenium.Topic_01_Setup_Environment" tests="3" failures="0" timestamp="20 Jan 2019 10:16:42 GMT" time="0.158" errors="0">
  <testcase name="TC_03_HomePageLogoDisplayer" time="0.120" classname="Selenium.Topic_01_Setup_Environment"/>
  <testcase name="TC_02_CheckTitle" time="0.012" classname="Selenium.Topic_01_Setup_Environment"/>
  <testcase name="TC_01_CheckUrl" time="0.026" classname="Selenium.Topic_01_Setup_Environment"/>
</testsuite> <!-- Selenium.Topic_01_Setup_Environment -->
