<?xml version="1.0" encoding="UTF-8"?>
<!-- Generated by org.testng.reporters.JUnitReportReporter -->
<testsuite hostname="Hacker" name="Selenium.Topic_01_Setup_Environment" tests="1" failures="0" timestamp="23 Jan 2019 09:09:16 GMT" time="0.182" errors="0">
  <testcase name="TC_04_CheckSlackVsGithub" time="0.182" classname="Selenium.Topic_01_Setup_Environment"/>
</testsuite> <!-- Selenium.Topic_01_Setup_Environment -->
