<?xml version="1.0" encoding="UTF-8"?>
<!-- Generated by org.testng.reporters.JUnitReportReporter -->
<testsuite hostname="Hacker" name="Selenium.Topic_01_Setup_Environment" tests="1" failures="0" timestamp="25 Jan 2019 10:06:58 GMT" time="58.138" errors="0">
  <testcase name="TC_05_CreatAnAccount" time="58.138" classname="Selenium.Topic_01_Setup_Environment"/>
</testsuite> <!-- Selenium.Topic_01_Setup_Environment -->
